#! /home/keyboard/oss-cad-suite/bin/vvp
:ivl_version "13.0 (devel)" "(s20221226-36-g23e51ef7a)";
:ivl_delay_selection "TYPICAL";
:vpi_time_precision + 0;
:vpi_module "/home/keyboard/oss-cad-suite/lib/ivl/system.vpi";
:vpi_module "/home/keyboard/oss-cad-suite/lib/ivl/vhdl_sys.vpi";
:vpi_module "/home/keyboard/oss-cad-suite/lib/ivl/vhdl_textio.vpi";
:vpi_module "/home/keyboard/oss-cad-suite/lib/ivl/v2005_math.vpi";
:vpi_module "/home/keyboard/oss-cad-suite/lib/ivl/va_math.vpi";
S_0x55555731d460 .scope module, "test_priorityRouter" "test_priorityRouter" 2 3;
 .timescale 0 0;
P_0x55555731a4f0 .param/l "DATA_WIDTH" 1 2 5, +C4<00000000000000000000000000100000>;
P_0x55555731a530 .param/l "TEST_NUM" 1 2 9, +C4<00000000000000000000000000010100>;
P_0x55555731a570 .param/l "VERSION_NUM" 1 2 7, +C4<00000000000000000000000000000100>;
P_0x55555731a5b0 .param/l "VERSION_WIDTH" 1 2 6, +C4<00000000000000000000000000000100>;
v0x5555573481c0_0 .var "dataInputs", 127 0;
v0x5555573482a0_0 .net "dataOut", 31 0, v0x555557347c80_0;  1 drivers
v0x555557348370_0 .var/i "i", 31 0;
v0x555557348440_0 .var/i "j", 31 0;
v0x555557348520_0 .var "readVersion", 3 0;
v0x555557348630_0 .var "versions", 15 0;
S_0x55555732ec10 .scope module, "dut" "priorityRouter" 2 21, 3 4 0, S_0x55555731d460;
 .timescale 0 0;
    .port_info 0 /INPUT 16 "versions";
    .port_info 1 /INPUT 128 "dataInputs";
    .port_info 2 /INPUT 4 "readVersion";
    .port_info 3 /OUTPUT 32 "dataOut";
P_0x5555572f4630 .param/l "DATA_WIDTH" 0 3 6, +C4<00000000000000000000000000100000>;
P_0x5555572f4670 .param/l "VERSION_NUM" 0 3 8, +C4<00000000000000000000000000000100>;
P_0x5555572f46b0 .param/l "VERSION_WIDTH" 0 3 7, +C4<00000000000000000000000000000100>;
v0x5555572f5050_0 .net "dataInputs", 127 0, v0x5555573481c0_0;  1 drivers
v0x555557347c80_0 .var "dataOut", 31 0;
v0x555557347d60_0 .var "greatest", 3 0;
v0x555557347e50_0 .var/i "i", 31 0;
v0x555557347f30_0 .net "readVersion", 3 0, v0x555557348520_0;  1 drivers
v0x555557348060_0 .net "versions", 15 0, v0x555557348630_0;  1 drivers
E_0x55555732b630 .event anyedge, v0x555557348060_0, v0x555557347d60_0, v0x555557347f30_0, v0x5555572f5050_0;
    .scope S_0x55555732ec10;
T_0 ;
    %wait E_0x55555732b630;
    %pushi/vec4 0, 0, 4;
    %store/vec4 v0x555557347d60_0, 0, 4;
    %pushi/vec4 0, 0, 32;
    %store/vec4 v0x555557347e50_0, 0, 32;
T_0.0 ;
    %load/vec4 v0x555557347e50_0;
    %cmpi/s 4, 0, 32;
    %jmp/0xz T_0.1, 5;
    %load/vec4 v0x555557347d60_0;
    %load/vec4 v0x555557348060_0;
    %load/vec4 v0x555557347e50_0;
    %muli 4, 0, 32;
    %part/s 4;
    %cmp/u;
    %flag_get/vec4 5;
    %jmp/0 T_0.4, 5;
    %load/vec4 v0x555557348060_0;
    %load/vec4 v0x555557347e50_0;
    %muli 4, 0, 32;
    %part/s 4;
    %load/vec4 v0x555557347f30_0;
    %cmp/u;
    %flag_get/vec4 5;
    %and;
T_0.4;
    %flag_set/vec4 8;
    %jmp/0xz  T_0.2, 8;
    %load/vec4 v0x555557348060_0;
    %load/vec4 v0x555557347e50_0;
    %muli 4, 0, 32;
    %part/s 4;
    %store/vec4 v0x555557347d60_0, 0, 4;
T_0.2 ;
    %load/vec4 v0x555557347e50_0;
    %addi 1, 0, 32;
    %store/vec4 v0x555557347e50_0, 0, 32;
    %jmp T_0.0;
T_0.1 ;
    %load/vec4 v0x5555572f5050_0;
    %load/vec4 v0x555557347d60_0;
    %pad/u 32;
    %muli 32, 0, 32;
    %part/u 32;
    %store/vec4 v0x555557347c80_0, 0, 32;
    %vpi_call 3 41 "$display", "%b\012", v0x555557347d60_0 {0 0 0};
    %delay 1, 0;
    %jmp T_0;
    .thread T_0, $push;
    .scope S_0x55555731d460;
T_1 ;
    %pushi/vec4 0, 0, 32;
    %store/vec4 v0x555557348370_0, 0, 32;
T_1.0 ;
    %load/vec4 v0x555557348370_0;
    %cmpi/s 20, 0, 32;
    %jmp/0xz T_1.1, 5;
    %vpi_func 2 31 "$random" 32 {0 0 0};
    %pad/s 16;
    %store/vec4 v0x555557348630_0, 0, 16;
    %vpi_func 2 32 "$random" 32 {0 0 0};
    %pad/s 128;
    %muli 32, 0, 128;
    %muli 4, 0, 128;
    %store/vec4 v0x5555573481c0_0, 0, 128;
    %pushi/vec4 0, 0, 32;
    %store/vec4 v0x555557348440_0, 0, 32;
T_1.2 ;
    %load/vec4 v0x555557348440_0;
    %cmpi/s 4, 0, 32;
    %jmp/0xz T_1.3, 5;
    %load/vec4 v0x5555573481c0_0;
    %load/vec4 v0x555557348440_0;
    %muli 32, 0, 32;
    %part/s 32;
    %load/vec4 v0x555557348630_0;
    %load/vec4 v0x555557348440_0;
    %muli 4, 0, 32;
    %part/s 4;
    %vpi_call 2 36 "$display", "dataInputs[%d]: %d\012versions[%d]: %b\012", v0x555557348440_0, S<1,vec4,u32>, v0x555557348440_0, S<0,vec4,u4> {2 0 0};
    %load/vec4 v0x555557348440_0;
    %addi 1, 0, 32;
    %store/vec4 v0x555557348440_0, 0, 32;
    %jmp T_1.2;
T_1.3 ;
    %vpi_func 2 39 "$random" 32 {0 0 0};
    %pushi/vec4 16, 0, 32;
    %mod/s;
    %pad/s 4;
    %store/vec4 v0x555557348520_0, 0, 4;
    %delay 1, 0;
    %vpi_call 2 42 "$display", "readVersion: %b\012dataOut: %d\012\012\012\012", v0x555557348520_0, v0x5555573482a0_0 {0 0 0};
    %load/vec4 v0x555557348370_0;
    %addi 1, 0, 32;
    %store/vec4 v0x555557348370_0, 0, 32;
    %jmp T_1.0;
T_1.1 ;
    %end;
    .thread T_1;
# The file index is used to find the file name in the following table.
:file_names 4;
    "N/A";
    "<interactive>";
    "test_priorityRouter.v";
    "./priorityRouter.v";
